[23:41:59] [ServerMain/INFO]: Environment: Environment[sessionHost=https://sessionserver.mojang.com, servicesHost=https://api.minecraftservices.com, name=PROD]
[23:41:59] [ServerMain/INFO]: Found new data pack file/bukkit, loading it automatically
[23:41:59] [ServerMain/INFO]: Found new data pack paper, loading it automatically
[23:42:00] [ServerMain/INFO]: No existing world data, creating new world
[23:42:01] [ServerMain/INFO]: Loaded 1175 recipes
[23:42:01] [ServerMain/INFO]: Loaded 1276 advancements
[23:42:01] [Server thread/INFO]: Starting minecraft server version 1.20.6
[23:42:01] [Server thread/INFO]: Loading properties
[23:42:01] [Server thread/INFO]: This server is running Paper version 1.20.6-138-master@906df69 (2024-06-10T06:32:15Z) (Implementing API version 1.20.6-R0.1-SNAPSHOT)
[23:42:02] [Server thread/INFO]: Server Ping Player Sample Count: 12
[23:42:02] [Server thread/INFO]: Using 4 threads for Netty based IO
[23:42:03] [Server thread/WARN]: [!] The timings profiler has been enabled but has been scheduled for removal from Paper in the future.
    We recommend installing the spark profiler as a replacement: https://spark.lucko.me/
    For more information please visit: https://github.com/PaperMC/Paper/issues/8948
[23:42:03] [Server thread/INFO]: [ChunkTaskScheduler] Chunk system is using 1 I/O threads, 1 worker threads, and gen parallelism of 1 threads
[23:42:03] [Server thread/INFO]: Default game type: SURVIVAL
[23:42:03] [Server thread/INFO]: Generating keypair
[23:42:03] [Server thread/INFO]: Starting Minecraft server on *:25565
[23:42:03] [Server thread/INFO]: Using epoll channel type
[23:42:03] [Server thread/INFO]: Paper: Using libdeflate (Linux x86_64) compression from Velocity.
[23:42:03] [Server thread/INFO]: Paper: Using OpenSSL 1.1.x (Linux x86_64) cipher from Velocity.
[23:42:04] [Server thread/INFO]: [SpigotLibraryLoader] [BigDoors] Loading 1 libraries... please wait
[23:42:04] [Server thread/INFO]: [SpigotLibraryLoader] [BigDoors] Loaded library /workspaces/serbidor/servidor_minecraft/libraries/net/bytebuddy/byte-buddy/1.14.9/byte-buddy-1.14.9.jar
[23:42:04] [Server thread/INFO]: [BigDoors] New file created at plugins/BigDoors/log.txt
[23:42:04] [Server thread/WARN]: [org.bukkit.craftbukkit.legacy.CraftLegacy] Initializing Legacy Material Support. Unless you have legacy plugins and/or data this is a bug!
[23:42:12] [Server thread/INFO]: [LuckPerms] Loading server plugin LuckPerms v5.4.128
[23:42:14] [Server thread/INFO]: [Vault] Loading server plugin Vault v1.7.3-b131
[23:42:14] [Server thread/INFO]: [WorldEdit] Loading server plugin WorldEdit v7.3.1+6763-2e55f4f
[23:42:16] [Server thread/INFO]: Got request to register class com.sk89q.worldedit.bukkit.BukkitServerInterface with WorldEdit [com.sk89q.worldedit.extension.platform.PlatformManager@39a24cfe]
[23:42:16] [Server thread/INFO]: [WorldEdit] Default configuration file written: config.yml
[23:42:16] [Server thread/INFO]: [Multiverse-Core] Loading server plugin Multiverse-Core v4.3.12
[23:42:16] [Server thread/INFO]: [WorldGuard] Loading server plugin WorldGuard v7.0.10+d9424b1
[23:42:16] [Server thread/INFO]: [PlaceholderAPI] Loading server plugin PlaceholderAPI v2.11.6
[23:42:16] [Server thread/INFO]: [RedProtect] Loading server plugin RedProtect v8.1.1-SNAPSHOT
[23:42:16] [Server thread/INFO]: [BigDoors] Loading server plugin BigDoors vAlpha 0.1.8.52
[23:42:16] [Server thread/INFO]: [NashornJs] Loading server plugin NashornJs v1.1.3
[23:42:16] [Server thread/INFO]: [NashornJs] Registered Nashorn engine with name nashorn
[23:42:16] [Server thread/INFO]: [NashornJs] Registered Nashorn engine with name Nashorn
[23:42:16] [Server thread/INFO]: [NashornJs] Registered Nashorn engine with name js
[23:42:16] [Server thread/INFO]: [NashornJs] Registered Nashorn engine with name JS
[23:42:16] [Server thread/INFO]: [NashornJs] Registered Nashorn engine with name JavaScript
[23:42:16] [Server thread/INFO]: [NashornJs] Registered Nashorn engine with name javascript
[23:42:16] [Server thread/INFO]: [NashornJs] Registered Nashorn engine with name ECMAScript
[23:42:16] [Server thread/INFO]: [NashornJs] Registered Nashorn engine with name ecmascript
[23:42:16] [Server thread/INFO]: [ServersNPC] Loading server plugin ServersNPC v4.7
[23:42:16] [Server thread/INFO]: [BigDoorsPhysics] Loading server plugin BigDoorsPhysics v2.4.2
[23:42:16] [Server thread/INFO]: [Graves] Loading server plugin Graves v4.9.1.7
[23:42:16] [Server thread/INFO]: [Graves] Integration: Hooked into WorldGuard 7.0.10+d9424b1.
[23:42:16] [Server thread/INFO]: [SkinsRestorer] Loading server plugin SkinsRestorer v15.0.13
[23:42:16] [Server thread/INFO]: [PlayerParticles] Loading server plugin PlayerParticles v8.5
[23:42:16] [Server thread/INFO]: [AdvancedPortals] Loading server plugin AdvancedPortals v0.9.3
[23:42:16] [Server thread/INFO]: [EpicRename] Loading server plugin EpicRename v3.12
[23:42:16] [Server thread/INFO]: [SimpleTpa] Loading server plugin SimpleTpa v7.0
[23:42:16] [Server thread/INFO]: [EldoUtilities] Could not load config file. Using default log level.
[23:42:16] [Server thread/INFO]: [BigDoorsOpener] Debug logger initialized. Log Level: INFO
[23:42:16] [Server thread/INFO]: [EldoUtilities] Could not load config file. Using default log level.
[23:42:16] [Server thread/INFO]: [BigDoorsOpener] Loading server plugin BigDoorsOpener v2.5.2
[23:42:16] [Server thread/INFO]: [NBTAPI] Loading server plugin NBTAPI v2.12.4
[23:42:16] [Server thread/INFO]: [NBTAPI] [NBTAPI] Found Minecraft: 1.20.6! Trying to find NMS support
[23:42:16] [Server thread/INFO]: [NBTAPI] [NBTAPI] NMS support 'MC1_20_R4' loaded!
[23:42:16] [Server thread/INFO]: [NBTAPI] [NBTAPI] Using the plugin 'NBTAPI' to create a bStats instance!
[23:42:16] [Server thread/INFO]: [CustomizablePlayerModels] Loading server plugin CustomizablePlayerModels v0.6.16b
[23:42:16] [Server thread/INFO]: [DecentHolograms] Loading server plugin DecentHolograms v2.8.8
[23:42:16] [Server thread/INFO]: [Multiverse-Portals] Loading server plugin Multiverse-Portals v4.2.3
[23:42:16] [Server thread/INFO]: Server permissions file permissions.yml is empty, ignoring it
[23:42:16] [Server thread/INFO]: [LuckPerms] Enabling LuckPerms v5.4.128
[23:42:16] [Thread-7/WARN]: [NBTAPI] [NBTAPI] The NBT-API in 'NBTAPI' seems to be outdated!
[23:42:16] [Thread-7/WARN]: [NBTAPI] [NBTAPI] Current Version: '2.12.4' Newest Version: 2.13.1'
[23:42:16] [Thread-7/WARN]: [NBTAPI] [NBTAPI] Please update the NBTAPI or the plugin that contains the api(nag the mod author when the newest release has an old version, not the NBTAPI dev)!
[23:42:17] [Server thread/INFO]:         __    
[23:42:17] [Server thread/INFO]:   |    |__)   LuckPerms v5.4.128
[23:42:17] [Server thread/INFO]:   |___ |      Running on Bukkit - Paper
[23:42:17] [Server thread/INFO]: 
[23:42:17] [Server thread/INFO]: [LuckPerms] Loading configuration...
[23:42:17] [Server thread/INFO]: [LuckPerms] Loading storage provider... [H2]
[23:42:18] [Server thread/INFO]: [LuckPerms] Loading internal permission managers...
[23:42:18] [Server thread/INFO]: [LuckPerms] Performing initial data load...
[23:42:18] [Server thread/INFO]: [LuckPerms] Successfully enabled. (took 1669ms)
[23:42:18] [Server thread/INFO]: [Vault] Enabling Vault v1.7.3-b131
[23:42:18] [Server thread/INFO]: [Vault] [Permission] SuperPermissions loaded as backup permission system.
[23:42:18] [Server thread/INFO]: [Vault] Enabled Version 1.7.3-b131
[23:42:18] [Server thread/INFO]: [LuckPerms] Registered Vault permission & chat hook.
[23:42:18] [Server thread/INFO]: [WorldEdit] Enabling WorldEdit v7.3.1+6763-2e55f4f
[23:42:18] [Server thread/INFO]: Registering commands with com.sk89q.worldedit.bukkit.BukkitServerInterface
[23:42:18] [Server thread/INFO]: WEPIF: Vault detected! Using Vault for permissions
[23:42:19] [Server thread/INFO]: Using com.sk89q.worldedit.bukkit.adapter.impl.v1_20_R4.PaperweightAdapter as the Bukkit adapter
[23:42:20] [Server thread/INFO]: [NashornJs] Enabling NashornJs v1.1.3
[23:42:20] [Server thread/INFO]: [SkinsRestorer] Enabling SkinsRestorer v15.0.13
[23:42:21] [Server thread/INFO]: [SkinsRestorer] Running on Minecraft 1.20.6.
[23:42:21] [Server thread/INFO]: [PlaceholderAPI] Successfully registered internal expansion: skinsrestorer [15.0.13]
[23:42:21] [Server thread/INFO]: [SkinsRestorer] PlaceholderAPI expansion registered!
[23:42:21] [Server thread/INFO]: [SkinsRestorer] Using paper join listener!
[23:42:21] [Server thread/INFO]: Preparing level "world"
[23:42:21] [Folia Async Scheduler Thread #1/INFO]: [SkinsRestorer] ----------------------------------------------
[23:42:21] [Folia Async Scheduler Thread #1/INFO]: [SkinsRestorer]     +==================+
[23:42:21] [Folia Async Scheduler Thread #1/INFO]: [SkinsRestorer]     |   SkinsRestorer  |
[23:42:21] [Folia Async Scheduler Thread #1/INFO]: [SkinsRestorer]     |------------------|
[23:42:21] [Folia Async Scheduler Thread #1/INFO]: [SkinsRestorer]     |  Standalone Mode |
[23:42:21] [Folia Async Scheduler Thread #1/INFO]: [SkinsRestorer]     +==================+
[23:42:21] [Folia Async Scheduler Thread #1/INFO]: [SkinsRestorer] ----------------------------------------------
[23:42:21] [Folia Async Scheduler Thread #1/INFO]: [SkinsRestorer]     Version: 15.0.13
[23:42:21] [Folia Async Scheduler Thread #1/INFO]: [SkinsRestorer]     Commit: 8e4c6e2
[23:42:21] [Folia Async Scheduler Thread #1/INFO]: [SkinsRestorer]     A new version (15.2.0) is available! Downloading update...
[23:42:21] [Folia Async Scheduler Thread #1/INFO]: [SkinsRestorer] ----------------------------------------------
[23:42:21] [Folia Async Scheduler Thread #1/INFO]: [SkinsRestorer] [GitHubUpdate] Downloading update...
[23:42:22] [Folia Async Scheduler Thread #1/WARN]: [SkinsRestorer] [GitHubUpdate] MD5 header not found, cannot verify integrity
[23:42:22] [Folia Async Scheduler Thread #1/INFO]: [SkinsRestorer] [GitHubUpdate] Downloaded update in 237ms
[23:42:22] [Folia Async Scheduler Thread #1/INFO]: [SkinsRestorer] [GitHubUpdate] Update saved as SkinsRestorer.jar
[23:42:22] [Folia Async Scheduler Thread #1/INFO]: [SkinsRestorer] [GitHubUpdate] The update will be loaded on the next server restart
[23:42:32] [Server thread/INFO]: Preparing start region for dimension minecraft:overworld
[23:42:39] [Server thread/INFO]: Time elapsed: 7238 ms
[23:42:39] [Server thread/INFO]: Preparing start region for dimension minecraft:the_nether
[23:42:41] [Server thread/INFO]: Time elapsed: 1981 ms
[23:42:41] [Server thread/INFO]: Preparing start region for dimension minecraft:the_end
[23:42:41] [Server thread/INFO]: Time elapsed: 600 ms
[23:42:41] [Server thread/INFO]: [Multiverse-Core] Enabling Multiverse-Core v4.3.12
[23:42:41] [Server thread/WARN]: [Multiverse-Core] "Multiverse-Core v4.3.12" has registered a listener for org.bukkit.event.entity.EntityCreatePortalEvent on method "public void com.onarandombox.MultiverseCore.listeners.MVPortalListener.entityPortalCreate(org.bukkit.event.entity.EntityCreatePortalEvent)", but the event is Deprecated. "Server performance will be affected"; please notify the authors [dumptruckman, Rigby, fernferret, lithium3141, main--].
[23:42:41] [Server thread/INFO]: [Multiverse-Core] §aWe are aware of the warning about the deprecated event. There is no alternative that allows us to do what we need to do and performance impact is negligible. It is safe to ignore.
[23:42:41] [Server thread/WARN]: [Multiverse-Core] Cannot load worlds.yml
[23:42:42] [Server thread/INFO]: [Multiverse-Core] Loading World & Settings - 'world' - Env: NORMAL - Type: NORMAL & seed: 6087959898182732942
[23:42:42] [Server thread/INFO]: [Multiverse-Core] Loading World & Settings - 'world_nether' - Env: NETHER - Type: NORMAL & seed: 6087959898182732942
[23:42:42] [Server thread/INFO]: [Multiverse-Core] Loading World & Settings - 'world_the_end' - Env: THE_END - Type: NORMAL & seed: 6087959898182732942
[23:42:42] [Server thread/INFO]: [Multiverse-Core] 3 - World(s) loaded.
[23:42:42] [Server thread/WARN]: [Multiverse-Core] Buscript failed to load! The script command will be disabled! If you would like not to see this message, use `/mv conf enablebuscript false` to disable Buscript from loading.
[23:42:42] [Server thread/INFO]: [Multiverse-Core] Version 4.3.12 (API v24) Enabled - By dumptruckman, Rigby, fernferret, lithium3141 and main--
[23:42:42] [Server thread/INFO]: [WorldGuard] Enabling WorldGuard v7.0.10+d9424b1
[23:42:42] [Server thread/INFO]: [WorldGuard] Default configuration file written: config.yml
[23:42:42] [Server thread/INFO]: [WorldGuard] Default configuration file written: config_world.yml
[23:42:42] [Server thread/INFO]: [WorldGuard] Default configuration file written: blacklist.txt
[23:42:42] [Server thread/INFO]: [WorldGuard] (world) TNT ignition is PERMITTED.
[23:42:42] [Server thread/INFO]: [WorldGuard] (world) Lighters are PERMITTED.
[23:42:42] [Server thread/INFO]: [WorldGuard] (world) Lava fire is PERMITTED.
[23:42:42] [Server thread/INFO]: [WorldGuard] (world) Fire spread is UNRESTRICTED.
[23:42:42] [Server thread/INFO]: [WorldGuard] Loaded configuration for world 'world'
[23:42:42] [Server thread/INFO]: [WorldGuard] Default configuration file written: config_world.yml
[23:42:42] [Server thread/INFO]: [WorldGuard] Default configuration file written: blacklist.txt
[23:42:42] [Server thread/INFO]: [WorldGuard] (world_nether) TNT ignition is PERMITTED.
[23:42:42] [Server thread/INFO]: [WorldGuard] (world_nether) Lighters are PERMITTED.
[23:42:42] [Server thread/INFO]: [WorldGuard] (world_nether) Lava fire is PERMITTED.
[23:42:42] [Server thread/INFO]: [WorldGuard] (world_nether) Fire spread is UNRESTRICTED.
[23:42:42] [Server thread/INFO]: [WorldGuard] Loaded configuration for world 'world_nether'
[23:42:42] [Server thread/INFO]: [WorldGuard] Default configuration file written: config_world.yml
[23:42:42] [Server thread/INFO]: [WorldGuard] Default configuration file written: blacklist.txt
[23:42:42] [Server thread/INFO]: [WorldGuard] (world_the_end) TNT ignition is PERMITTED.
[23:42:42] [Server thread/INFO]: [WorldGuard] (world_the_end) Lighters are PERMITTED.
[23:42:42] [Server thread/INFO]: [WorldGuard] (world_the_end) Lava fire is PERMITTED.
[23:42:42] [Server thread/INFO]: [WorldGuard] (world_the_end) Fire spread is UNRESTRICTED.
[23:42:42] [Server thread/INFO]: [WorldGuard] Loaded configuration for world 'world_the_end'
[23:42:42] [Server thread/INFO]: [WorldGuard] Loading region data...
[23:42:42] [Server thread/INFO]: [WorldGuard] Unloading and saving region data that is currently loaded...
[23:42:42] [Server thread/INFO]: [WorldGuard] Loading region data for loaded worlds...
[23:42:42] [Server thread/INFO]: [WorldGuard] Loading region data...
[23:42:42] [Server thread/INFO]: [WorldGuard] Regions saved after UUID migration! This won't happen again unless you change the relevant configuration option in WorldGuard's config.
[23:42:42] [Server thread/INFO]: [PlaceholderAPI] Enabling PlaceholderAPI v2.11.6
[23:42:43] [Server thread/INFO]: [PlaceholderAPI] Fetching available expansion information...
[23:42:43] [Server thread/INFO]: [RedProtect] Enabling RedProtect v8.1.1-SNAPSHOT
[23:42:43] [Server thread/INFO]: [RedProtect] Server version: 1.20.6-R0.1-SNAPSHOT
[23:42:43] [Server thread/INFO]: [RedProtect] Added world to claim types list world
[23:42:43] [Server thread/INFO]: [RedProtect] Added world to colors list world
[23:42:43] [Server thread/INFO]: [RedProtect] Added world to claim types list world_nether
[23:42:43] [Server thread/INFO]: [RedProtect] Added world to colors list world_nether
[23:42:43] [Server thread/INFO]: [RedProtect] Added world to claim types list world_the_end
[23:42:43] [Server thread/INFO]: [RedProtect] Added world to colors list world_the_end
[23:42:43] [Server thread/INFO]: [RedProtect] Added world to allowed claim list world
[23:42:43] [Server thread/INFO]: [RedProtect] Added world to allowed claim list world_nether
[23:42:43] [Server thread/INFO]: [RedProtect] Added world to allowed claim list world_the_end
[23:42:43] [Server thread/INFO]: [RedProtect] Created folder: plugins/RedProtect/logs
[23:42:43] [Server thread/INFO]: [RedProtect] All configurations loaded!
[23:42:43] [Server thread/INFO]: [RedProtect] Created language file: plugins/RedProtect/langEN-US.properties
[23:42:43] [Server thread/INFO]: [RedProtect] Language file loaded - Using: EN-US
[23:42:43] [Server thread/INFO]: [RedProtect] Registering commands...
[23:42:43] [Server thread/INFO]: [RedProtect] Registering listeners...
[23:42:44] [Server thread/INFO]: [RedProtect] Could not initialize Vault Economy hook.
[23:42:44] [Server thread/INFO]: [RedProtect] Vault Permissions found. Hooked.
[23:42:44] [Server thread/INFO]: [RedProtect] WorldEdit found. Hooked.
[23:42:44] [Server thread/INFO]: [RedProtect] This version is only compatible with server version running on 1.19+. WorldGuard not hooked!
[23:42:44] [Server thread/INFO]: [PlaceholderAPI] Successfully registered internal expansion: redprotect [8.1.1-SNAPSHOT]
[23:42:44] [Server thread/INFO]: [RedProtect] PlaceHolderAPI found. Hooked and registered some chat placeholders.
[23:42:44] [Server thread/INFO]: [RedProtect] - Loading world's regions...
[23:42:44] [Server thread/INFO]: [RedProtect] - Loading world_nether's regions...
[23:42:44] [Server thread/INFO]: [RedProtect] - Loading world_the_end's regions...
[23:42:44] [Server thread/INFO]: [RedProtect] Auto-save Scheduler: Saving file database every 60 minutes!
[23:42:44] [Server thread/INFO]: [RedProtect] There are 0 regions on (file) database!
[23:42:44] [Server thread/INFO]: [RedProtect] Created GUI language file: plugins/RedProtect/guiEN-US.properties
[23:42:44] [Server thread/INFO]: [RedProtect] Helper version: Latest
[23:42:44] [Server thread/INFO]: [RedProtect] Loading GuiFlags for 1.14+
[23:42:44] [Server thread/INFO]: [RedProtect] Metrics enabled! See our stats here: https://bstats.org/plugin/bukkit/RedProtect
[23:42:44] [Server thread/INFO]: [RedProtect] Loading API...
[23:42:44] [Server thread/INFO]: [RedProtect] API Loaded!
[23:42:44] [Server thread/INFO]:  _   _  _   _   _   _  _ _  _  _ _ _  _
[23:42:44] [Server thread/INFO]: |_| |_ | \ |_| |_| | |  |  |_ |   |  |_|
[23:42:44] [Server thread/INFO]: | \ |_ |_/ |   | \ |_|  |  |_ |_  |  |_|
[23:42:44] [Server thread/INFO]: » RedProtect v8.1.1-SNAPSHOT enabled
[23:42:44] [Server thread/INFO]: 
[23:42:44] [Server thread/INFO]: [BigDoors] Enabling BigDoors vAlpha 0.1.8.52
[23:42:44] [Server thread/INFO]: [BigDoors] Power Block Types:
[23:42:44] [Server thread/INFO]: [BigDoors]  - GOLD_BLOCK
[23:42:44] [Server thread/INFO]: [BigDoors] Blacklisted materials:
[23:42:44] [Server thread/INFO]: [BigDoors]  - BEDROCK
[23:42:44] [Server thread/INFO]: [BigDoors]  - END_PORTAL
[23:42:44] [Server thread/INFO]: [BigDoors]  - END_PORTAL_FRAME
[23:42:44] [Server thread/INFO]: [BigDoors]  - NETHER_PORTAL
[23:42:44] [Server thread/INFO]: [BigDoors] No materials Whitelisted!
[23:42:44] [Server thread/INFO]: [BigDoors] DestroyListed materials:
[23:42:44] [Server thread/INFO]: [BigDoors]  - LAVA
[23:42:44] [Server thread/INFO]: [BigDoors]  - WATER
[23:42:44] [Server thread/INFO]: [BigDoors]  - SNOW
[23:42:44] [Server thread/INFO]: [BigDoors]  - FERN
[23:42:44] [Server thread/INFO]: [BigDoors]  - SHORT_GRASS
[23:42:44] [Server thread/INFO]: [BigDoors]  - TALL_GRASS
[23:42:44] [Server thread/INFO]: [BigDoors]  - TALL_GRASS
[23:42:44] [Server thread/INFO]: [BigDoors]  - SEAGRASS
[23:42:44] [Server thread/INFO]: [BigDoors]  - TALL_SEAGRASS
[23:42:44] [Server thread/INFO]: [BigDoors] Enabling stats! Thanks, it really helps!
[23:42:44] [Server thread/INFO]: [BigDoors] Successfully hooked into "WorldGuard"!
[23:42:44] [Server thread/INFO]: [BigDoors] Successfully hooked into "RedProtect"!
[23:42:44] [Server thread/INFO]: [ServersNPC] Enabling ServersNPC v4.7
[23:42:44] [Server thread/INFO]: [BigDoorsPhysics] Enabling BigDoorsPhysics v2.4.2
[23:42:44] [Server thread/INFO]: [BigDoorsPhysics] Loading Config
[23:42:44] [Server thread/INFO]: [BigDoorsPhysics] Created data folder
[23:42:44] [Server thread/INFO]: [net.bonn2.bigdoorsphysics.relocated.org.reflections.Reflections] Reflections took 97 ms to scan 1 urls, producing 2 keys and 4 values
[23:42:44] [Server thread/INFO]: [BigDoorsPhysics] Discovered 3 version adapters
[23:42:44] [Server thread/INFO]: [BigDoorsPhysics] Loaded net.bonn2.bigdoorsphysics.versions.v1_19_3.VersionUtil_v1_19_3
[23:42:44] [Server thread/INFO]: [BigDoorsPhysics] Registering Events
[23:42:44] [Server thread/INFO]: [BigDoorsPhysics] Registering Commands
[23:42:44] [Server thread/INFO]: [Graves] Enabling Graves v4.9.1.7
[23:42:45] [Server thread/INFO]: [Graves] Integration: Hooked into WorldEdit 7.3.1+6763-2e55f4f.
[23:42:45] [Server thread/INFO]: [Graves] Integration: Hooked into WorldGuard 7.0.10+d9424b1.
[23:42:45] [Server thread/INFO]: [Graves] Integration: Hooked into MiniMessage.
[23:42:45] [Server thread/INFO]: [PlaceholderAPI] Successfully registered internal expansion: graves [4.9.1.7]
[23:42:45] [Server thread/INFO]: [Graves] Integration: Hooked into PlaceholderAPI 2.11.6.
[23:42:45] [Server thread/INFO]: [PlayerParticles] Enabling PlayerParticles v8.5
[23:42:45] [Server thread/INFO]: [PlayerParticles] Data handler connected using SQLite.
[23:42:45] [Server thread/INFO]: [PlaceholderAPI] Successfully registered internal expansion: playerparticles [8.5]
[23:42:45] [Server thread/INFO]: [AdvancedPortals] Enabling AdvancedPortals v0.9.3
[23:42:45] [Server thread/INFO]: [AdvancedPortals] BLOCK_PORTAL_TRAVEL found
[23:42:45] [Server thread/WARN]: [AdvancedPortals] Proxy features disabled for Advanced Portals as bungee isn't enabled on the server (spigot.yml).If you are using Paper proxies.velocity.enabled (config/paper-global.yml) or settings.velocity-support.enabled (paper.yml) may not be enabled 
[23:42:45] [Server thread/INFO]: Advanced portals have been successfully enabled!
[23:42:45] [Server thread/INFO]: [EpicRename] Enabling EpicRename v3.12
[23:42:45] [Server thread/INFO]: [EpicRename] [CheckServerVersion] Server running 1.16 or newer. Hex color code support has been enabled.
[23:42:45] [Server thread/INFO]: [EpicRename] Version: 3.12 MC Version: ONE_DOT_SIXTEEN_OR_NEWER
[23:42:45] [Server thread/INFO]: [EpicRename] This plugin is Copyright (c) 2022 Justin "JustBru00" Brubaker. This plugin is licensed under the MPL v2.0. You can view a copy of the MPL v2.0 license at: http://bit.ly/2eMknxx
[23:42:45] [Server thread/INFO]: [EpicRename] Starting to enable plugin...
[23:42:45] [Server thread/INFO]: [EpicRename] Failed to get the economy details from Vault. Is there a Vault compatible economy plugin installed?
[23:42:45] [Server thread/INFO]: [EpicRename] Disabling support for economy features.
[23:42:46] [Server thread/INFO]: [EpicRename] Prefix set to: '[EpicRename] '
[23:42:46] [Server thread/INFO]: [EpicRename] Plugin Enabled!
[23:42:46] [Server thread/INFO]: [SimpleTpa] Enabling SimpleTpa v7.0
[23:42:46] [Server thread/INFO]: [SimpleTpa] If you need support contact me at https://discord.gg/SZUkza9
[23:42:46] [Server thread/INFO]: [SimpleTpa] Simple Tpa has been enabled on version 7.0
[23:42:46] [Server thread/INFO]: Enabled metrics. You may opt-out by changing plugins/bStats/config.yml
[23:42:46] [Server thread/INFO]: [BigDoorsOpener] Enabling BigDoorsOpener v2.5.2
[23:42:46] [Server thread/INFO]: [BigDoorsOpener] Enabled. Required 95 ms.
[23:42:46] [Server thread/INFO]: [NBTAPI] Enabling NBTAPI v2.12.4
[23:42:46] [Server thread/INFO]: [NBTAPI] Adding listeners...
[23:42:46] [Server thread/INFO]: [NBTAPI] Checking bindings...
[23:42:46] [Server thread/INFO]: [NBTAPI] All Classes were able to link!
[23:42:46] [Server thread/INFO]: [NBTAPI] All Methods were able to link!
[23:42:46] [Server thread/INFO]: [NBTAPI] Running NBT reflection test...
[23:42:46] [Server thread/INFO]: [NBTAPI] Success! This version of NBT-API is compatible with your server.
[23:42:46] [Server thread/INFO]: [CustomizablePlayerModels] Enabling CustomizablePlayerModels v0.6.16b
[23:42:46] [Server thread/INFO]: [CustomizablePlayerModels] Customizable Player Models Initialized
[23:42:46] [Server thread/INFO]: [DecentHolograms] Enabling DecentHolograms v2.8.8
[23:42:46] [Server thread/INFO]: [Multiverse-Portals] Enabling Multiverse-Portals v4.2.3
[23:42:47] [Server thread/INFO]: [Multiverse-Portals] 0 - Portals(s) loaded
[23:42:47] [Server thread/INFO]: [Multiverse-Portals] Found WorldEdit. Using it for selections.
[23:42:47] [Server thread/INFO]: [Multiverse-Portals 4.2.3]  Enabled - By Rigby and fernferret
[23:42:47] [Server thread/INFO]: [PlaceholderAPI] Placeholder expansion registration initializing...
[23:42:47] [Server thread/INFO]: 0 placeholder hook(s) registered!
[23:42:47] [Server thread/INFO]: Running delayed init tasks
[23:42:47] [Server thread/INFO]: [BigDoors] Checking for updates...
[23:42:47] [Craft Scheduler Thread - 5 - DecentHolograms/INFO]: [DecentHolograms] Created directory plugins/DecentHolograms/holograms
[23:42:47] [Craft Scheduler Thread - 7 - Vault/INFO]: [Vault] Checking for Updates ... 
[23:42:47] [Craft Scheduler Thread - 9 - DecentHolograms/INFO]: [DecentHolograms] Created directory plugins/DecentHolograms/animations
[23:42:47] [Craft Scheduler Thread - 8 - SimpleTpa/INFO]: [SimpleTpa] There is a new update available.
[23:42:47] [Craft Scheduler Thread - 8 - SimpleTpa/INFO]: [SimpleTpa] There is a new update available:
[23:42:47] [Craft Scheduler Thread - 8 - SimpleTpa/INFO]: [SimpleTpa] https://www.spigotmc.org/resources/simple-tpa.64270/
[23:42:47] [Craft Scheduler Thread - 5 - DecentHolograms/INFO]: 
A newer version of DecentHolograms is available. Download it from: https://www.spigotmc.org/resources/96927/
[23:42:47] [Craft Scheduler Thread - 7 - Vault/INFO]: [Vault] No new version available
[23:42:47] [ForkJoinPool.commonPool-worker-1/INFO]: [BigDoors] A new update is available: 0.1.8.53!

******************************************* [BigDoors 0.1.8.53] *******************************************
- Add support for Minecraft 1.21.
- Fix negative `maxAutoCloseTimer` values not counting as unlimited. Thanks, King, for the bug report!

Please update:
  https://www.spigotmc.org/resources/big-doors.58669/
***********************************************************************************************************

[23:42:47] [Server thread/INFO]: [BigDoorsOpener] Hooked into Big Doors successfully.
[23:42:47] [Server thread/INFO]: [BigDoorsOpener] World Guard found. Trying to get a hook.
[23:42:47] [Server thread/INFO]: [BigDoorsOpener] Hooked into world guard successfully.
[23:42:47] [Server thread/INFO]: [BigDoorsOpener] Placeholder API found. Enabling placeholder usage.
[23:42:47] [Server thread/INFO]: [BigDoorsOpener] MythicMobs not found. MythicMobs conditions are disabled.
[23:42:47] [Server thread/INFO]: [BigDoorsOpener] Config is up to date.
[23:42:47] [Server thread/INFO]: [BigDoorsOpener] Config loaded!
[23:42:47] [Server thread/INFO]: [BigDoorsOpener] Java 15 or newer detected. Searching for external Engine.
[23:42:47] [ForkJoinPool.commonPool-worker-1/INFO]: [BigDoors] Update downloaded! Restart to apply it! New version is 0.1.8.53, Currently running Alpha 0.1.8.52 (b1167)
[23:42:48] [Server thread/INFO]: [BigDoorsOpener] OpenJDK Nashorn script engine started.
[23:42:48] [Server thread/INFO]: [BigDoorsOpener] Created default locale messages_de_DE.properties
[23:42:48] [Server thread/INFO]: [BigDoorsOpener] Created default locale messages_en_US.properties
[23:42:48] [Server thread/INFO]: [BigDoorsOpener] §2Updating plugins/BigDoorsOpener/messages/messages_en_US.properties.
[23:42:48] [Server thread/INFO]: [BigDoorsOpener] §2Added: §3dialog.accept§6=§baccept
[23:42:48] [Server thread/INFO]: [BigDoorsOpener] §2Added: §3dialog.leftClickChange§6=§bLeft click to change
[23:42:48] [Server thread/INFO]: [BigDoorsOpener] §2Added: §3error.invalidSender§6=§bThis command can not be executed from here.
[23:42:48] [Server thread/INFO]: [BigDoorsOpener] §2Added: §3dialog.deny§6=§bdeny
[23:42:48] [Server thread/INFO]: [BigDoorsOpener] §2Added: §3dialog.remove§6=§bremove
[23:42:48] [Server thread/INFO]: [BigDoorsOpener] §2Added: §3error.tooLarge§6=§bThe number is too Large. Max: %MAX%
[23:42:48] [Server thread/INFO]: [BigDoorsOpener] §2Added: §3error.notAsPlayer§6=§bThis command can not be executed as player
[23:42:48] [Server thread/INFO]: [BigDoorsOpener] §2Added: §3error.endOfRoute§6=§bPlease choose a subcommand. Available commands are:\n%COMMANDS%
[23:42:48] [Server thread/INFO]: [BigDoorsOpener] §2Added: §3error.invalidEnumValue§6=§bInvalid input value. Valid inputs are %VALUES%.
[23:42:48] [Server thread/INFO]: [BigDoorsOpener] §2Added: §3error.onlyPlayer§6=§bThis command can only be used by players.
[23:42:48] [Server thread/INFO]: [BigDoorsOpener] §2Added: §3dialog.rightClickRemove§6=§bRight click to remove
[23:42:48] [Server thread/INFO]: [BigDoorsOpener] §2Added: §3error.tooSmall§6=§bThe number is too small. Min: %MIN%
[23:42:48] [Server thread/INFO]: [BigDoorsOpener] §2Added: §3error.missingArgument§6=§bArgument %INDEX% is accessed but not present.
[23:42:48] [Server thread/INFO]: [BigDoorsOpener] §2Added: §3error.invalidMaterial§6=§bInvalid material.
[23:42:48] [Server thread/INFO]: [BigDoorsOpener] §2Added: §3error.onlyConsole§6=§bThis command can only be used by console.
[23:42:48] [Server thread/INFO]: [BigDoorsOpener] §2Added: §3error.notOnline§6=§bInvalid player. This player is not online.
[23:42:48] [Server thread/INFO]: [BigDoorsOpener] §2Added: §3error.notAsConsole§6=§bThis command can not be executed from console.
[23:42:48] [Server thread/INFO]: [BigDoorsOpener] §2Added: §3dialog.add§6=§badd
[23:42:48] [Server thread/INFO]: [BigDoorsOpener] §2Added: §3error.unkownWorld§6=§bInvalid player. This player has never played on this server.
[23:42:48] [Server thread/INFO]: [BigDoorsOpener] §2Added: §3error.invalidLength§6=§bThis input is too long. Max: %MAX% chars.
[23:42:48] [Server thread/INFO]: [BigDoorsOpener] §2Added: §3error.unkownPlayer§6=§bInvalid player. This player has never played on this server.
[23:42:48] [Server thread/INFO]: [BigDoorsOpener] §2Updated locale plugins/BigDoorsOpener/messages/messages_en_US.properties. Please check your translation.
[23:42:48] [Server thread/INFO]: [BigDoorsOpener] §2Updating plugins/BigDoorsOpener/messages/messages_de_DE.properties.
[23:42:48] [Server thread/INFO]: [BigDoorsOpener] §2Added: §3dialog.accept§6=§baccept
[23:42:48] [Server thread/INFO]: [BigDoorsOpener] §2Added: §3dialog.leftClickChange§6=§bLeft click to change
[23:42:48] [Server thread/INFO]: [BigDoorsOpener] §2Added: §3error.invalidSender§6=§bThis command can not be executed from here.
[23:42:48] [Server thread/INFO]: [BigDoorsOpener] §2Added: §3dialog.deny§6=§bdeny
[23:42:48] [Server thread/INFO]: [BigDoorsOpener] §2Added: §3dialog.remove§6=§bremove
[23:42:48] [Server thread/INFO]: [BigDoorsOpener] §2Added: §3error.tooLarge§6=§bThe number is too Large. Max: %MAX%
[23:42:48] [Server thread/INFO]: [BigDoorsOpener] §2Added: §3error.notAsPlayer§6=§bThis command can not be executed as player
[23:42:48] [Server thread/INFO]: [BigDoorsOpener] §2Added: §3error.endOfRoute§6=§bPlease choose a subcommand. Available commands are:\n%COMMANDS%
[23:42:48] [Server thread/INFO]: [BigDoorsOpener] §2Added: §3error.invalidEnumValue§6=§bInvalid input value. Valid inputs are %VALUES%.
[23:42:48] [Server thread/INFO]: [BigDoorsOpener] §2Added: §3error.onlyPlayer§6=§bThis command can only be used by players.
[23:42:48] [Server thread/INFO]: [BigDoorsOpener] §2Added: §3dialog.rightClickRemove§6=§bRight click to remove
[23:42:48] [Server thread/INFO]: [BigDoorsOpener] §2Added: §3error.tooSmall§6=§bThe number is too small. Min: %MIN%
[23:42:48] [Server thread/INFO]: [BigDoorsOpener] §2Added: §3error.missingArgument§6=§bArgument %INDEX% is accessed but not present.
[23:42:48] [Server thread/INFO]: [BigDoorsOpener] §2Added: §3error.invalidMaterial§6=§bInvalid material.
[23:42:48] [Server thread/INFO]: [BigDoorsOpener] §2Added: §3error.onlyConsole§6=§bThis command can only be used by console.
[23:42:48] [Server thread/INFO]: [BigDoorsOpener] §2Added: §3error.notOnline§6=§bInvalid player. This player is not online.
[23:42:48] [Server thread/INFO]: [BigDoorsOpener] §2Added: §3error.notAsConsole§6=§bThis command can not be executed from console.
[23:42:48] [Server thread/INFO]: [BigDoorsOpener] §2Added: §3dialog.add§6=§badd
[23:42:48] [Server thread/INFO]: [BigDoorsOpener] §2Added: §3error.unkownWorld§6=§bInvalid player. This player has never played on this server.
[23:42:48] [Server thread/INFO]: [BigDoorsOpener] §2Added: §3error.invalidLength§6=§bThis input is too long. Max: %MAX% chars.
[23:42:48] [Server thread/INFO]: [BigDoorsOpener] §2Added: §3error.unkownPlayer§6=§bInvalid player. This player has never played on this server.
[23:42:48] [Server thread/INFO]: [BigDoorsOpener] §2Updated locale plugins/BigDoorsOpener/messages/messages_de_DE.properties. Please check your translation.
[23:42:48] [Server thread/INFO]: [BigDoorsOpener] Metrics enabled. Thank you very much!
[23:42:48] [Server thread/INFO]: [BigDoorsOpener] Post startup done. Required 1350 ms.
[23:42:48] [Server thread/INFO]: Done (47.266s)! For help, type "help"
[23:42:48] [Server thread/INFO]: Timings Reset
[23:43:33] [Server thread/INFO]: Stopping server
[23:43:33] [Server thread/INFO]: [Multiverse-Portals] Disabling Multiverse-Portals v4.2.3
[23:43:33] [Server thread/INFO]: [DecentHolograms] Disabling DecentHolograms v2.8.8
[23:43:33] [Server thread/INFO]: [CustomizablePlayerModels] Disabling CustomizablePlayerModels v0.6.16b
[23:43:33] [Server thread/INFO]: [NBTAPI] Disabling NBTAPI v2.12.4
[23:43:33] [Server thread/INFO]: [BigDoorsOpener] Disabling BigDoorsOpener v2.5.2
[23:43:33] [Server thread/INFO]: [SimpleTpa] Disabling SimpleTpa v7.0
[23:43:33] [Server thread/INFO]: [SimpleTpa] If you need support contact me at https://discord.gg/SZUkza9
[23:43:33] [Server thread/INFO]: [SimpleTpa] Simple Tpa has been disabled on version 7.0
[23:43:33] [Server thread/INFO]: [EpicRename] Disabling EpicRename v3.12
[23:43:33] [Server thread/INFO]: [EpicRename] Plugin Disabled.
[23:43:33] [Server thread/INFO]: [AdvancedPortals] Disabling AdvancedPortals v0.9.3
[23:43:33] [Server thread/INFO]: Advanced portals are being disabled!
[23:43:33] [Server thread/INFO]: [PlayerParticles] Disabling PlayerParticles v8.5
[23:43:33] [Server thread/INFO]: [SkinsRestorer] Disabling SkinsRestorer v15.0.13
[23:43:33] [Server thread/INFO]: [Graves] Disabling Graves v4.9.1.7
[23:43:33] [Server thread/INFO]: [BigDoorsPhysics] Disabling BigDoorsPhysics v2.4.2
[23:43:33] [Server thread/INFO]: [BigDoorsPhysics] Removing leftover colliders
[23:43:33] [Server thread/INFO]: [ServersNPC] Disabling ServersNPC v4.7
[23:43:33] [Server thread/INFO]: [NashornJs] Disabling NashornJs v1.1.3
[23:43:33] [Server thread/INFO]: [BigDoors] Disabling BigDoors vAlpha 0.1.8.52 (b1167)
[23:43:33] [Server thread/INFO]: [RedProtect] Disabling RedProtect v8.1.1-SNAPSHOT
[23:43:33] [Server thread/INFO]: [RedProtect] Saving world's regions...
[23:43:33] [Server thread/INFO]: [RedProtect] Saving world_the_end's regions...
[23:43:33] [Server thread/INFO]: [RedProtect] Saving world_nether's regions...
[23:43:33] [Server thread/INFO]: [RedProtect] Unregistering listeners...
[23:43:33] [Server thread/INFO]: [RedProtect] RedProtect v8.1.1-SNAPSHOT turned off...
[23:43:33] [Server thread/INFO]: [PlaceholderAPI] Disabling PlaceholderAPI v2.11.6
[23:43:33] [Server thread/INFO]: [WorldGuard] Disabling WorldGuard v7.0.10+d9424b1
[23:43:33] [Server thread/INFO]: [WorldGuard] Shutting down executor and cancelling any pending tasks...
[23:43:33] [Server thread/INFO]: [Multiverse-Core] Disabling Multiverse-Core v4.3.12
[23:43:33] [Server thread/INFO]: [WorldEdit] Disabling WorldEdit v7.3.1+6763-2e55f4f
[23:43:33] [Server thread/INFO]: Unregistering com.sk89q.worldedit.bukkit.BukkitServerInterface from WorldEdit
[23:43:33] [Server thread/INFO]: [Vault] Disabling Vault v1.7.3-b131
[23:43:33] [Server thread/INFO]: [LuckPerms] Disabling LuckPerms v5.4.128
[23:43:33] [Server thread/INFO]: [LuckPerms] Starting shutdown process...
[23:43:33] [Server thread/INFO]: [LuckPerms] Closing storage...
[23:43:33] [Server thread/INFO]: [LuckPerms] Goodbye!
[23:43:33] [Server thread/INFO]: Saving players
[23:43:33] [Server thread/INFO]: Saving worlds
[23:43:33] [Server thread/INFO]: Saving chunks for level 'ServerLevel[world]'/minecraft:overworld
[23:43:33] [Server console handler/ERROR]: Caught previously unhandled exception :
java.io.IOError: java.io.IOException: Input/output error
	at org.jline.keymap.BindingReader.readCharacter(BindingReader.java:170) ~[jline-reader-3.20.0.jar:?]
	at org.jline.keymap.BindingReader.readBinding(BindingReader.java:110) ~[jline-reader-3.20.0.jar:?]
	at org.jline.keymap.BindingReader.readBinding(BindingReader.java:61) ~[jline-reader-3.20.0.jar:?]
	at org.jline.reader.impl.LineReaderImpl.doReadBinding(LineReaderImpl.java:923) ~[jline-reader-3.20.0.jar:?]
	at org.jline.reader.impl.LineReaderImpl.readBinding(LineReaderImpl.java:956) ~[jline-reader-3.20.0.jar:?]
	at org.jline.reader.impl.LineReaderImpl.readLine(LineReaderImpl.java:651) ~[jline-reader-3.20.0.jar:?]
	at org.jline.reader.impl.LineReaderImpl.readLine(LineReaderImpl.java:468) ~[jline-reader-3.20.0.jar:?]
	at net.minecrell.terminalconsole.SimpleTerminalConsole.readCommands(SimpleTerminalConsole.java:158) ~[terminalconsoleappender-1.3.0.jar:?]
	at net.minecrell.terminalconsole.SimpleTerminalConsole.start(SimpleTerminalConsole.java:141) ~[terminalconsoleappender-1.3.0.jar:?]
	at net.minecraft.server.dedicated.DedicatedServer$1.run(DedicatedServer.java:113) ~[paper-1.20.6.jar:1.20.6-138-906df69]
Caused by: java.io.IOException: Input/output error
	at java.base/java.io.FileInputStream.read0(Native Method) ~[?:?]
	at java.base/java.io.FileInputStream.read(FileInputStream.java:231) ~[?:?]
	at org.jline.terminal.impl.AbstractPty$PtyInputStream.read(AbstractPty.java:73) ~[jline-terminal-3.21.0.jar:?]
	at org.jline.utils.NonBlockingInputStream.read(NonBlockingInputStream.java:62) ~[jline-terminal-3.21.0.jar:?]
	at org.jline.utils.NonBlocking$NonBlockingInputStreamReader.read(NonBlocking.java:168) ~[jline-terminal-3.21.0.jar:?]
	at org.jline.utils.NonBlockingReader.read(NonBlockingReader.java:57) ~[jline-terminal-3.21.0.jar:?]
	at org.jline.keymap.BindingReader.readCharacter(BindingReader.java:160) ~[jline-reader-3.20.0.jar:?]
	... 9 more
[23:43:33] [Server thread/INFO]: [ChunkHolderManager] Waiting 60s for chunk system to halt for world 'world'
[23:43:33] [Server thread/INFO]: [ChunkHolderManager] Halted chunk system for world 'world'
[23:43:33] [Server thread/INFO]: [ChunkHolderManager] Saving all chunkholders for world 'world'
[23:43:34] [Server thread/INFO]: [ChunkHolderManager] Saved 841 block chunks, 49 entity chunks, 0 poi chunks in world 'world' in 1.05s
[23:43:34] [Server thread/INFO]: ThreadedAnvilChunkStorage (world): All chunks are saved
[23:43:34] [Server thread/INFO]: Saving chunks for level 'ServerLevel[world_nether]'/minecraft:the_nether
[23:43:34] [Server thread/INFO]: [ChunkHolderManager] Waiting 60s for chunk system to halt for world 'world_nether'
[23:43:34] [Server thread/INFO]: [ChunkHolderManager] Halted chunk system for world 'world_nether'
[23:43:34] [Server thread/INFO]: [ChunkHolderManager] Saving all chunkholders for world 'world_nether'
[23:43:34] [Server thread/INFO]: [ChunkHolderManager] Saved 841 block chunks, 49 entity chunks, 0 poi chunks in world 'world_nether' in 0.26s
[23:43:34] [Server thread/INFO]: ThreadedAnvilChunkStorage (DIM-1): All chunks are saved
[23:43:34] [Server thread/INFO]: Saving chunks for level 'ServerLevel[world_the_end]'/minecraft:the_end
[23:43:34] [Server thread/INFO]: [ChunkHolderManager] Waiting 60s for chunk system to halt for world 'world_the_end'
[23:43:34] [Server thread/INFO]: [ChunkHolderManager] Halted chunk system for world 'world_the_end'
[23:43:34] [Server thread/INFO]: [ChunkHolderManager] Saving all chunkholders for world 'world_the_end'
[23:43:34] [Server thread/INFO]: [ChunkHolderManager] Saved 841 block chunks, 49 entity chunks, 0 poi chunks in world 'world_the_end' in 0.19s
[23:43:35] [Server thread/INFO]: ThreadedAnvilChunkStorage (DIM1): All chunks are saved
[23:43:35] [Server thread/INFO]: ThreadedAnvilChunkStorage: All dimensions are saved
[23:43:35] [Server thread/INFO]: Flushing Chunk IO
[23:43:35] [Server thread/INFO]: Closing Thread Pool
[23:43:35] [Server thread/INFO]: Closing Server
